<?xml version="1.0" encoding="UTF-8"?>
<!-- Generated by org.testng.reporters.JUnitReportReporter -->
<testsuite hostname="DESKTOP-4VBC6HD" failures="0" tests="1" name="webDriver.Testing1" time="4.070" errors="0" timestamp="2024-01-24T16:39:09 EST" skipped="0">
  <testcase classname="webDriver.Testing1" name="amazonProductSearch" time="4.070"/>
  <system-out/>
</testsuite> <!-- webDriver.Testing1 -->
