<?xml version="1.0" encoding="UTF-8"?>
<!-- Generated by org.testng.reporters.JUnitReportReporter -->
<testsuite hostname="DESKTOP-4VBC6HD" failures="0" tests="1" name="webDriver.ThruExcel" time="0.505" errors="0" timestamp="2024-01-24T16:52:58 EST" skipped="0">
  <testcase classname="webDriver.ThruExcel" name="readData" time="0.505"/>
  <system-out/>
</testsuite> <!-- webDriver.ThruExcel -->
