<?xml version="1.0" encoding="UTF-8"?>
<!-- Generated by org.testng.reporters.JUnitReportReporter -->
<testsuite hostname="DESKTOP-4VBC6HD" failures="0" tests="1" name="webDriver.GetADropdown" time="9.543" errors="0" timestamp="2024-01-24T16:53:38 EST" skipped="0">
  <testcase classname="webDriver.GetADropdown" name="headingText" time="9.543"/>
  <system-out/>
</testsuite> <!-- webDriver.GetADropdown -->
