<?xml version="1.0" encoding="UTF-8"?>
<!-- Generated by org.testng.reporters.JUnitReportReporter -->
<testsuite hostname="DESKTOP-4VBC6HD" failures="0" tests="1" name="webDriver.Compairvalue" time="14.276" errors="0" timestamp="2024-01-24T12:13:27 EST" skipped="0">
  <testcase classname="webDriver.Compairvalue" name="headingText" time="14.276"/>
  <system-out/>
</testsuite> <!-- webDriver.Compairvalue -->
